<?xml version="1.0" encoding="UTF-8"?>
<!-- Generated by org.testng.reporters.JUnitReportReporter -->
<testsuite hostname="LAPTOP-3T2TL7B8" failures="0" tests="1" name="testng.Actionprgrm" time="23.267" errors="0" timestamp="2023-11-21T15:32:46 IST" skipped="0">
  <testcase classname="testng.Actionprgrm" name="test" time="23.267"/>
  <system-out/>
</testsuite> <!-- testng.Actionprgrm -->
