<?xml version="1.0" encoding="UTF-8"?>
<!-- Generated by org.testng.reporters.JUnitReportReporter -->
<testsuite hostname="LAPTOP-3T2TL7B8" failures="0" tests="1" name="testng.Notificationdisable" time="1.069" errors="0" timestamp="2023-11-28T15:13:54 IST" skipped="0">
  <testcase classname="testng.Notificationdisable" name="url" time="1.069"/>
  <system-out/>
</testsuite> <!-- testng.Notificationdisable -->
