<?xml version="1.0" encoding="UTF-8"?>
<!-- Generated by org.testng.reporters.JUnitReportReporter -->
<testsuite hostname="LAPTOP-3T2TL7B8" failures="0" tests="1" name="test.Fbcreatetest" time="8.207" errors="0" timestamp="2023-12-05T19:41:23 IST" skipped="0">
  <testcase classname="test.Fbcreatetest" name="test" time="8.207"/>
  <system-out/>
</testsuite> <!-- test.Fbcreatetest -->
