<?xml version="1.0" encoding="UTF-8"?>
<!-- Generated by org.testng.reporters.JUnitReportReporter -->
<testsuite hostname="LAPTOP-3T2TL7B8" failures="0" tests="1" name="test.Fblogintest" time="2.051" errors="0" timestamp="2023-12-05T15:50:55 IST" skipped="0">
  <testcase classname="test.Fblogintest" name="test" time="2.051"/>
  <system-out/>
</testsuite> <!-- test.Fblogintest -->
