<?xml version="1.0" encoding="UTF-8"?>
<!-- Generated by org.testng.reporters.JUnitReportReporter -->
<testsuite hostname="LAPTOP-3T2TL7B8" failures="0" tests="5" name="pkg.Testngprgmdemo" time="0.027" errors="0" timestamp="2023-11-20T14:37:56 IST" skipped="1">
  <testcase classname="pkg.Testngprgmdemo" name="test3" time="0.008"/>
  <system-out/>
  <testcase classname="pkg.Testngprgmdemo" name="test3" time="0.007"/>
  <system-out/>
  <testcase classname="pkg.Testngprgmdemo" name="test3" time="0.003"/>
  <system-out/>
  <testcase classname="pkg.Testngprgmdemo" name="test1" time="0.009"/>
  <system-out/>
  <testcase classname="pkg.Testngprgmdemo" name="test2">
    <skipped/>
  </testcase> <!-- test2 -->
  <system-out/>
</testsuite> <!-- pkg.Testngprgmdemo -->
