<?xml version="1.0" encoding="UTF-8"?>
<!-- Generated by org.testng.reporters.JUnitReportReporter -->
<testsuite hostname="LAPTOP-3T2TL7B8" failures="0" tests="1" name="testng.WindowHandle" time="15.884" errors="0" timestamp="2023-11-29T18:58:00 IST" skipped="0">
  <testcase classname="testng.WindowHandle" name="test1" time="15.884"/>
  <system-out/>
</testsuite> <!-- testng.WindowHandle -->
