<?xml version="1.0" encoding="UTF-8"?>
<!-- Generated by org.testng.reporters.JUnitReportReporter -->
<testsuite hostname="LAPTOP-3T2TL7B8" failures="0" tests="1" name="testng.Task2_amazon" time="25.828" errors="0" timestamp="2023-11-30T09:34:34 IST" skipped="0">
  <testcase classname="testng.Task2_amazon" name="test" time="25.828"/>
  <system-out/>
</testsuite> <!-- testng.Task2_amazon -->
