<?xml version="1.0" encoding="UTF-8"?>
<!-- Generated by org.testng.reporters.JUnitReportReporter -->
<testsuite hostname="LAPTOP-3T2TL7B8" failures="0" tests="1" name="testng.Parametertest" time="0.005" errors="0" timestamp="2023-11-20T16:00:39 IST" skipped="0">
  <testcase classname="testng.Parametertest" name="main" time="0.005"/>
  <system-out/>
</testsuite> <!-- testng.Parametertest -->
