<?xml version="1.0" encoding="UTF-8"?>
<!-- Generated by org.testng.reporters.JUnitReportReporter -->
<testsuite hostname="LAPTOP-3T2TL7B8" failures="0" tests="1" name="testng.Fileupload" time="3.897" errors="0" timestamp="2023-11-24T15:44:33 IST" skipped="0">
  <testcase classname="testng.Fileupload" name="test1" time="3.897"/>
  <system-out/>
</testsuite> <!-- testng.Fileupload -->
