<?xml version="1.0" encoding="UTF-8"?>
<!-- Generated by org.testng.reporters.JUnitReportReporter -->
<testsuite hostname="LAPTOP-3T2TL7B8" failures="0" tests="1" name="testng.Task1_herbal" time="15.375" errors="0" timestamp="2023-11-30T13:47:32 IST" skipped="0">
  <testcase classname="testng.Task1_herbal" name="test" time="15.375"/>
  <system-out/>
</testsuite> <!-- testng.Task1_herbal -->
