<?xml version="1.0" encoding="UTF-8"?>
<!-- Generated by org.testng.reporters.JUnitReportReporter -->
<testsuite hostname="LAPTOP-3T2TL7B8" failures="0" tests="1" name="testng.Datadriventest" time="4.171" errors="0" timestamp="2023-11-30T15:35:10 IST" skipped="0">
  <testcase classname="testng.Datadriventest" name="main" time="4.171"/>
  <system-out/>
</testsuite> <!-- testng.Datadriventest -->
