<?xml version="1.0" encoding="UTF-8"?>
<!-- Generated by org.testng.reporters.JUnitReportReporter -->
<testsuite hostname="LAPTOP-3T2TL7B8" failures="0" tests="1" name="testng.Ebay" time="8.963" errors="0" timestamp="2023-11-23T14:43:13 IST" skipped="0">
  <testcase classname="testng.Ebay" name="test" time="8.963"/>
  <system-out/>
</testsuite> <!-- testng.Ebay -->
