<?xml version="1.0" encoding="UTF-8"?>
<!-- Generated by org.testng.reporters.JUnitReportReporter -->
<testsuite hostname="LAPTOP-3T2TL7B8" failures="0" tests="1" name="testng.SwagDrivenTest" time="9.000" errors="0" timestamp="2023-12-01T15:51:59 IST" skipped="0">
  <testcase classname="testng.SwagDrivenTest" name="test" time="9.000"/>
  <system-out/>
</testsuite> <!-- testng.SwagDrivenTest -->
