<?xml version="1.0" encoding="UTF-8"?>
<!-- Generated by org.testng.reporters.JUnitReportReporter -->
<testsuite hostname="LAPTOP-3T2TL7B8" failures="0" tests="1" name="testng.DemoUploadfile" time="3.485" errors="0" timestamp="2023-11-24T14:19:28 IST" skipped="0">
  <testcase classname="testng.DemoUploadfile" name="test" time="3.485"/>
  <system-out/>
</testsuite> <!-- testng.DemoUploadfile -->
