<?xml version="1.0" encoding="UTF-8"?>
<!-- Generated by org.testng.reporters.JUnitReportReporter -->
<testsuite hostname="LAPTOP-3T2TL7B8" failures="0" tests="1" name="testng.Demoguru" time="6.366" errors="0" timestamp="2023-11-22T17:13:19 IST" skipped="0">
  <testcase classname="testng.Demoguru" name="test" time="6.366"/>
  <system-out/>
</testsuite> <!-- testng.Demoguru -->
