<?xml version="1.0" encoding="UTF-8"?>
<!-- Generated by org.testng.reporters.JUnitReportReporter -->
<testsuite hostname="LAPTOP-3T2TL7B8" failures="0" tests="4" name="testng.TestngGrouping" time="0.015" errors="0" timestamp="2023-11-20T15:34:52 IST" skipped="0">
  <testcase classname="testng.TestngGrouping" name="main5" time="0.002"/>
  <system-out/>
  <testcase classname="testng.TestngGrouping" name="main3" time="0.005"/>
  <system-out/>
  <testcase classname="testng.TestngGrouping" name="main2" time="0.007"/>
  <system-out/>
  <testcase classname="testng.TestngGrouping" name="main4" time="0.001"/>
  <system-out/>
</testsuite> <!-- testng.TestngGrouping -->
