<?xml version="1.0" encoding="UTF-8"?>
<!-- Generated by org.testng.reporters.JUnitReportReporter -->
<testsuite hostname="LAPTOP-3T2TL7B8" failures="0" tests="1" name="testng.TrivagoDatePicker" time="5.592" errors="0" timestamp="2023-12-04T15:18:09 IST" skipped="0">
  <testcase classname="testng.TrivagoDatePicker" name="testlogin" time="5.592"/>
  <system-out/>
</testsuite> <!-- testng.TrivagoDatePicker -->
